<frozen runpy>:128: RuntimeWarning: 'simulations.monte_carlo' found in sys.modules after import of package 'simulations', but prior to execution of 'simulations.monte_carlo'; this may result in unpredictable behaviour

======== Running Monte Carlo for linear data using model: NN ============

=== Running initial training loop ===
<frozen runpy>:128: RuntimeWarning: 'simulations.monte_carlo' found in sys.modules after import of package 'simulations', but prior to execution of 'simulations.monte_carlo'; this may result in unpredictable behaviour
<frozen runpy>:128: RuntimeWarning: 'simulations.monte_carlo' found in sys.modules after import of package 'simulations', but prior to execution of 'simulations.monte_carlo'; this may result in unpredictable behaviour
<frozen runpy>:128: RuntimeWarning: 'simulations.monte_carlo' found in sys.modules after import of package 'simulations', but prior to execution of 'simulations.monte_carlo'; this may result in unpredictable behaviour
<frozen runpy>:128: RuntimeWarning: 'simulations.monte_carlo' found in sys.modules after import of package 'simulations', but prior to execution of 'simulations.monte_carlo'; this may result in unpredictable behaviour
<frozen runpy>:128: RuntimeWarning: 'simulations.monte_carlo' found in sys.modules after import of package 'simulations', but prior to execution of 'simulations.monte_carlo'; this may result in unpredictable behaviour
<frozen runpy>:128: RuntimeWarning: 'simulations.monte_carlo' found in sys.modules after import of package 'simulations', but prior to execution of 'simulations.monte_carlo'; this may result in unpredictable behaviour
<frozen runpy>:128: RuntimeWarning: 'simulations.monte_carlo' found in sys.modules after import of package 'simulations', but prior to execution of 'simulations.monte_carlo'; this may result in unpredictable behaviour
<frozen runpy>:128: RuntimeWarning: 'simulations.monte_carlo' found in sys.modules after import of package 'simulations', but prior to execution of 'simulations.monte_carlo'; this may result in unpredictable behaviour
<frozen runpy>:128: RuntimeWarning: 'simulations.monte_carlo' found in sys.modules after import of package 'simulations', but prior to execution of 'simulations.monte_carlo'; this may result in unpredictable behaviour
<frozen runpy>:128: RuntimeWarning: 'simulations.monte_carlo' found in sys.modules after import of package 'simulations', but prior to execution of 'simulations.monte_carlo'; this may result in unpredictable behaviour
<frozen runpy>:128: RuntimeWarning: 'simulations.monte_carlo' found in sys.modules after import of package 'simulations', but prior to execution of 'simulations.monte_carlo'; this may result in unpredictable behaviour
<frozen runpy>:128: RuntimeWarning: 'simulations.monte_carlo' found in sys.modules after import of package 'simulations', but prior to execution of 'simulations.monte_carlo'; this may result in unpredictable behaviour
<frozen runpy>:128: RuntimeWarning: 'simulations.monte_carlo' found in sys.modules after import of package 'simulations', but prior to execution of 'simulations.monte_carlo'; this may result in unpredictable behaviour
<frozen runpy>:128: RuntimeWarning: 'simulations.monte_carlo' found in sys.modules after import of package 'simulations', but prior to execution of 'simulations.monte_carlo'; this may result in unpredictable behaviour
<frozen runpy>:128: RuntimeWarning: 'simulations.monte_carlo' found in sys.modules after import of package 'simulations', but prior to execution of 'simulations.monte_carlo'; this may result in unpredictable behaviour
<frozen runpy>:128: RuntimeWarning: 'simulations.monte_carlo' found in sys.modules after import of package 'simulations', but prior to execution of 'simulations.monte_carlo'; this may result in unpredictable behaviour
<frozen runpy>:128: RuntimeWarning: 'simulations.monte_carlo' found in sys.modules after import of package 'simulations', but prior to execution of 'simulations.monte_carlo'; this may result in unpredictable behaviour
<frozen runpy>:128: RuntimeWarning: 'simulations.monte_carlo' found in sys.modules after import of package 'simulations', but prior to execution of 'simulations.monte_carlo'; this may result in unpredictable behaviour
<frozen runpy>:128: RuntimeWarning: 'simulations.monte_carlo' found in sys.modules after import of package 'simulations', but prior to execution of 'simulations.monte_carlo'; this may result in unpredictable behaviour
<frozen runpy>:128: RuntimeWarning: 'simulations.monte_carlo' found in sys.modules after import of package 'simulations', but prior to execution of 'simulations.monte_carlo'; this may result in unpredictable behaviour
<frozen runpy>:128: RuntimeWarning: 'simulations.monte_carlo' found in sys.modules after import of package 'simulations', but prior to execution of 'simulations.monte_carlo'; this may result in unpredictable behaviour
<frozen runpy>:128: RuntimeWarning: 'simulations.monte_carlo' found in sys.modules after import of package 'simulations', but prior to execution of 'simulations.monte_carlo'; this may result in unpredictable behaviour
<frozen runpy>:128: RuntimeWarning: 'simulations.monte_carlo' found in sys.modules after import of package 'simulations', but prior to execution of 'simulations.monte_carlo'; this may result in unpredictable behaviour
<frozen runpy>:128: RuntimeWarning: 'simulations.monte_carlo' found in sys.modules after import of package 'simulations', but prior to execution of 'simulations.monte_carlo'; this may result in unpredictable behaviour
<frozen runpy>:128: RuntimeWarning: 'simulations.monte_carlo' found in sys.modules after import of package 'simulations', but prior to execution of 'simulations.monte_carlo'; this may result in unpredictable behaviour
<frozen runpy>:128: RuntimeWarning: 'simulations.monte_carlo' found in sys.modules after import of package 'simulations', but prior to execution of 'simulations.monte_carlo'; this may result in unpredictable behaviour
<frozen runpy>:128: RuntimeWarning: 'simulations.monte_carlo' found in sys.modules after import of package 'simulations', but prior to execution of 'simulations.monte_carlo'; this may result in unpredictable behaviour
<frozen runpy>:128: RuntimeWarning: 'simulations.monte_carlo' found in sys.modules after import of package 'simulations', but prior to execution of 'simulations.monte_carlo'; this may result in unpredictable behaviour
<frozen runpy>:128: RuntimeWarning: 'simulations.monte_carlo' found in sys.modules after import of package 'simulations', but prior to execution of 'simulations.monte_carlo'; this may result in unpredictable behaviour
<frozen runpy>:128: RuntimeWarning: 'simulations.monte_carlo' found in sys.modules after import of package 'simulations', but prior to execution of 'simulations.monte_carlo'; this may result in unpredictable behaviour
<frozen runpy>:128: RuntimeWarning: 'simulations.monte_carlo' found in sys.modules after import of package 'simulations', but prior to execution of 'simulations.monte_carlo'; this may result in unpredictable behaviour
<frozen runpy>:128: RuntimeWarning: 'simulations.monte_carlo' found in sys.modules after import of package 'simulations', but prior to execution of 'simulations.monte_carlo'; this may result in unpredictable behaviour
<frozen runpy>:128: RuntimeWarning: 'simulations.monte_carlo' found in sys.modules after import of package 'simulations', but prior to execution of 'simulations.monte_carlo'; this may result in unpredictable behaviour
<frozen runpy>:128: RuntimeWarning: 'simulations.monte_carlo' found in sys.modules after import of package 'simulations', but prior to execution of 'simulations.monte_carlo'; this may result in unpredictable behaviour
<frozen runpy>:128: RuntimeWarning: 'simulations.monte_carlo' found in sys.modules after import of package 'simulations', but prior to execution of 'simulations.monte_carlo'; this may result in unpredictable behaviour
<frozen runpy>:128: RuntimeWarning: 'simulations.monte_carlo' found in sys.modules after import of package 'simulations', but prior to execution of 'simulations.monte_carlo'; this may result in unpredictable behaviour
<frozen runpy>:128: RuntimeWarning: 'simulations.monte_carlo' found in sys.modules after import of package 'simulations', but prior to execution of 'simulations.monte_carlo'; this may result in unpredictable behaviour
<frozen runpy>:128: RuntimeWarning: 'simulations.monte_carlo' found in sys.modules after import of package 'simulations', but prior to execution of 'simulations.monte_carlo'; this may result in unpredictable behaviour
<frozen runpy>:128: RuntimeWarning: 'simulations.monte_carlo' found in sys.modules after import of package 'simulations', but prior to execution of 'simulations.monte_carlo'; this may result in unpredictable behaviour
<frozen runpy>:128: RuntimeWarning: 'simulations.monte_carlo' found in sys.modules after import of package 'simulations', but prior to execution of 'simulations.monte_carlo'; this may result in unpredictable behaviour
<frozen runpy>:128: RuntimeWarning: 'simulations.monte_carlo' found in sys.modules after import of package 'simulations', but prior to execution of 'simulations.monte_carlo'; this may result in unpredictable behaviour
<frozen runpy>:128: RuntimeWarning: 'simulations.monte_carlo' found in sys.modules after import of package 'simulations', but prior to execution of 'simulations.monte_carlo'; this may result in unpredictable behaviour
<frozen runpy>:128: RuntimeWarning: 'simulations.monte_carlo' found in sys.modules after import of package 'simulations', but prior to execution of 'simulations.monte_carlo'; this may result in unpredictable behaviour
<frozen runpy>:128: RuntimeWarning: 'simulations.monte_carlo' found in sys.modules after import of package 'simulations', but prior to execution of 'simulations.monte_carlo'; this may result in unpredictable behaviour
<frozen runpy>:128: RuntimeWarning: 'simulations.monte_carlo' found in sys.modules after import of package 'simulations', but prior to execution of 'simulations.monte_carlo'; this may result in unpredictable behaviour
<frozen runpy>:128: RuntimeWarning: 'simulations.monte_carlo' found in sys.modules after import of package 'simulations', but prior to execution of 'simulations.monte_carlo'; this may result in unpredictable behaviour
<frozen runpy>:128: RuntimeWarning: 'simulations.monte_carlo' found in sys.modules after import of package 'simulations', but prior to execution of 'simulations.monte_carlo'; this may result in unpredictable behaviour
<frozen runpy>:128: RuntimeWarning: 'simulations.monte_carlo' found in sys.modules after import of package 'simulations', but prior to execution of 'simulations.monte_carlo'; this may result in unpredictable behaviour
<frozen runpy>:128: RuntimeWarning: 'simulations.monte_carlo' found in sys.modules after import of package 'simulations', but prior to execution of 'simulations.monte_carlo'; this may result in unpredictable behaviour
<frozen runpy>:128: RuntimeWarning: 'simulations.monte_carlo' found in sys.modules after import of package 'simulations', but prior to execution of 'simulations.monte_carlo'; this may result in unpredictable behaviour
<frozen runpy>:128: RuntimeWarning: 'simulations.monte_carlo' found in sys.modules after import of package 'simulations', but prior to execution of 'simulations.monte_carlo'; this may result in unpredictable behaviour
<frozen runpy>:128: RuntimeWarning: 'simulations.monte_carlo' found in sys.modules after import of package 'simulations', but prior to execution of 'simulations.monte_carlo'; this may result in unpredictable behaviour
<frozen runpy>:128: RuntimeWarning: 'simulations.monte_carlo' found in sys.modules after import of package 'simulations', but prior to execution of 'simulations.monte_carlo'; this may result in unpredictable behaviour
<frozen runpy>:128: RuntimeWarning: 'simulations.monte_carlo' found in sys.modules after import of package 'simulations', but prior to execution of 'simulations.monte_carlo'; this may result in unpredictable behaviour
<frozen runpy>:128: RuntimeWarning: 'simulations.monte_carlo' found in sys.modules after import of package 'simulations', but prior to execution of 'simulations.monte_carlo'; this may result in unpredictable behaviour
Processing nodes:   2%|▏         | 1/54 [32:36<28:48:29, 1956.79s/node]Processing nodes: 100%|██████████| 54/54 [32:36<00:00, 36.24s/node]    

=== Running 100 Monte Carlo itterations for model NN with best node: (32, 32, 32) ===
<frozen runpy>:128: RuntimeWarning: 'simulations.monte_carlo' found in sys.modules after import of package 'simulations', but prior to execution of 'simulations.monte_carlo'; this may result in unpredictable behaviour
<frozen runpy>:128: RuntimeWarning: 'simulations.monte_carlo' found in sys.modules after import of package 'simulations', but prior to execution of 'simulations.monte_carlo'; this may result in unpredictable behaviour
<frozen runpy>:128: RuntimeWarning: 'simulations.monte_carlo' found in sys.modules after import of package 'simulations', but prior to execution of 'simulations.monte_carlo'; this may result in unpredictable behaviour
<frozen runpy>:128: RuntimeWarning: 'simulations.monte_carlo' found in sys.modules after import of package 'simulations', but prior to execution of 'simulations.monte_carlo'; this may result in unpredictable behaviour
<frozen runpy>:128: RuntimeWarning: 'simulations.monte_carlo' found in sys.modules after import of package 'simulations', but prior to execution of 'simulations.monte_carlo'; this may result in unpredictable behaviour
<frozen runpy>:128: RuntimeWarning: 'simulations.monte_carlo' found in sys.modules after import of package 'simulations', but prior to execution of 'simulations.monte_carlo'; this may result in unpredictable behaviour
<frozen runpy>:128: RuntimeWarning: 'simulations.monte_carlo' found in sys.modules after import of package 'simulations', but prior to execution of 'simulations.monte_carlo'; this may result in unpredictable behaviour
<frozen runpy>:128: RuntimeWarning: 'simulations.monte_carlo' found in sys.modules after import of package 'simulations', but prior to execution of 'simulations.monte_carlo'; this may result in unpredictable behaviour
<frozen runpy>:128: RuntimeWarning: 'simulations.monte_carlo' found in sys.modules after import of package 'simulations', but prior to execution of 'simulations.monte_carlo'; this may result in unpredictable behaviour
<frozen runpy>:128: RuntimeWarning: 'simulations.monte_carlo' found in sys.modules after import of package 'simulations', but prior to execution of 'simulations.monte_carlo'; this may result in unpredictable behaviour
<frozen runpy>:128: RuntimeWarning: 'simulations.monte_carlo' found in sys.modules after import of package 'simulations', but prior to execution of 'simulations.monte_carlo'; this may result in unpredictable behaviour
<frozen runpy>:128: RuntimeWarning: 'simulations.monte_carlo' found in sys.modules after import of package 'simulations', but prior to execution of 'simulations.monte_carlo'; this may result in unpredictable behaviour
<frozen runpy>:128: RuntimeWarning: 'simulations.monte_carlo' found in sys.modules after import of package 'simulations', but prior to execution of 'simulations.monte_carlo'; this may result in unpredictable behaviour
<frozen runpy>:128: RuntimeWarning: 'simulations.monte_carlo' found in sys.modules after import of package 'simulations', but prior to execution of 'simulations.monte_carlo'; this may result in unpredictable behaviour
<frozen runpy>:128: RuntimeWarning: 'simulations.monte_carlo' found in sys.modules after import of package 'simulations', but prior to execution of 'simulations.monte_carlo'; this may result in unpredictable behaviour
<frozen runpy>:128: RuntimeWarning: 'simulations.monte_carlo' found in sys.modules after import of package 'simulations', but prior to execution of 'simulations.monte_carlo'; this may result in unpredictable behaviour
<frozen runpy>:128: RuntimeWarning: 'simulations.monte_carlo' found in sys.modules after import of package 'simulations', but prior to execution of 'simulations.monte_carlo'; this may result in unpredictable behaviour
<frozen runpy>:128: RuntimeWarning: 'simulations.monte_carlo' found in sys.modules after import of package 'simulations', but prior to execution of 'simulations.monte_carlo'; this may result in unpredictable behaviour
<frozen runpy>:128: RuntimeWarning: 'simulations.monte_carlo' found in sys.modules after import of package 'simulations', but prior to execution of 'simulations.monte_carlo'; this may result in unpredictable behaviour
<frozen runpy>:128: RuntimeWarning: 'simulations.monte_carlo' found in sys.modules after import of package 'simulations', but prior to execution of 'simulations.monte_carlo'; this may result in unpredictable behaviour
<frozen runpy>:128: RuntimeWarning: 'simulations.monte_carlo' found in sys.modules after import of package 'simulations', but prior to execution of 'simulations.monte_carlo'; this may result in unpredictable behaviour
<frozen runpy>:128: RuntimeWarning: 'simulations.monte_carlo' found in sys.modules after import of package 'simulations', but prior to execution of 'simulations.monte_carlo'; this may result in unpredictable behaviour
<frozen runpy>:128: RuntimeWarning: 'simulations.monte_carlo' found in sys.modules after import of package 'simulations', but prior to execution of 'simulations.monte_carlo'; this may result in unpredictable behaviour
<frozen runpy>:128: RuntimeWarning: 'simulations.monte_carlo' found in sys.modules after import of package 'simulations', but prior to execution of 'simulations.monte_carlo'; this may result in unpredictable behaviour
<frozen runpy>:128: RuntimeWarning: 'simulations.monte_carlo' found in sys.modules after import of package 'simulations', but prior to execution of 'simulations.monte_carlo'; this may result in unpredictable behaviour
<frozen runpy>:128: RuntimeWarning: 'simulations.monte_carlo' found in sys.modules after import of package 'simulations', but prior to execution of 'simulations.monte_carlo'; this may result in unpredictable behaviour
<frozen runpy>:128: RuntimeWarning: 'simulations.monte_carlo' found in sys.modules after import of package 'simulations', but prior to execution of 'simulations.monte_carlo'; this may result in unpredictable behaviour
<frozen runpy>:128: RuntimeWarning: 'simulations.monte_carlo' found in sys.modules after import of package 'simulations', but prior to execution of 'simulations.monte_carlo'; this may result in unpredictable behaviour
<frozen runpy>:128: RuntimeWarning: 'simulations.monte_carlo' found in sys.modules after import of package 'simulations', but prior to execution of 'simulations.monte_carlo'; this may result in unpredictable behaviour
<frozen runpy>:128: RuntimeWarning: 'simulations.monte_carlo' found in sys.modules after import of package 'simulations', but prior to execution of 'simulations.monte_carlo'; this may result in unpredictable behaviour
<frozen runpy>:128: RuntimeWarning: 'simulations.monte_carlo' found in sys.modules after import of package 'simulations', but prior to execution of 'simulations.monte_carlo'; this may result in unpredictable behaviour
<frozen runpy>:128: RuntimeWarning: 'simulations.monte_carlo' found in sys.modules after import of package 'simulations', but prior to execution of 'simulations.monte_carlo'; this may result in unpredictable behaviour
<frozen runpy>:128: RuntimeWarning: 'simulations.monte_carlo' found in sys.modules after import of package 'simulations', but prior to execution of 'simulations.monte_carlo'; this may result in unpredictable behaviour
<frozen runpy>:128: RuntimeWarning: 'simulations.monte_carlo' found in sys.modules after import of package 'simulations', but prior to execution of 'simulations.monte_carlo'; this may result in unpredictable behaviour
<frozen runpy>:128: RuntimeWarning: 'simulations.monte_carlo' found in sys.modules after import of package 'simulations', but prior to execution of 'simulations.monte_carlo'; this may result in unpredictable behaviour
<frozen runpy>:128: RuntimeWarning: 'simulations.monte_carlo' found in sys.modules after import of package 'simulations', but prior to execution of 'simulations.monte_carlo'; this may result in unpredictable behaviour
<frozen runpy>:128: RuntimeWarning: 'simulations.monte_carlo' found in sys.modules after import of package 'simulations', but prior to execution of 'simulations.monte_carlo'; this may result in unpredictable behaviour
<frozen runpy>:128: RuntimeWarning: 'simulations.monte_carlo' found in sys.modules after import of package 'simulations', but prior to execution of 'simulations.monte_carlo'; this may result in unpredictable behaviour
<frozen runpy>:128: RuntimeWarning: 'simulations.monte_carlo' found in sys.modules after import of package 'simulations', but prior to execution of 'simulations.monte_carlo'; this may result in unpredictable behaviour
<frozen runpy>:128: RuntimeWarning: 'simulations.monte_carlo' found in sys.modules after import of package 'simulations', but prior to execution of 'simulations.monte_carlo'; this may result in unpredictable behaviour
<frozen runpy>:128: RuntimeWarning: 'simulations.monte_carlo' found in sys.modules after import of package 'simulations', but prior to execution of 'simulations.monte_carlo'; this may result in unpredictable behaviour
<frozen runpy>:128: RuntimeWarning: 'simulations.monte_carlo' found in sys.modules after import of package 'simulations', but prior to execution of 'simulations.monte_carlo'; this may result in unpredictable behaviour
<frozen runpy>:128: RuntimeWarning: 'simulations.monte_carlo' found in sys.modules after import of package 'simulations', but prior to execution of 'simulations.monte_carlo'; this may result in unpredictable behaviour
<frozen runpy>:128: RuntimeWarning: 'simulations.monte_carlo' found in sys.modules after import of package 'simulations', but prior to execution of 'simulations.monte_carlo'; this may result in unpredictable behaviour
<frozen runpy>:128: RuntimeWarning: 'simulations.monte_carlo' found in sys.modules after import of package 'simulations', but prior to execution of 'simulations.monte_carlo'; this may result in unpredictable behaviour
<frozen runpy>:128: RuntimeWarning: 'simulations.monte_carlo' found in sys.modules after import of package 'simulations', but prior to execution of 'simulations.monte_carlo'; this may result in unpredictable behaviour
<frozen runpy>:128: RuntimeWarning: 'simulations.monte_carlo' found in sys.modules after import of package 'simulations', but prior to execution of 'simulations.monte_carlo'; this may result in unpredictable behaviour
<frozen runpy>:128: RuntimeWarning: 'simulations.monte_carlo' found in sys.modules after import of package 'simulations', but prior to execution of 'simulations.monte_carlo'; this may result in unpredictable behaviour
<frozen runpy>:128: RuntimeWarning: 'simulations.monte_carlo' found in sys.modules after import of package 'simulations', but prior to execution of 'simulations.monte_carlo'; this may result in unpredictable behaviour
<frozen runpy>:128: RuntimeWarning: 'simulations.monte_carlo' found in sys.modules after import of package 'simulations', but prior to execution of 'simulations.monte_carlo'; this may result in unpredictable behaviour
<frozen runpy>:128: RuntimeWarning: 'simulations.monte_carlo' found in sys.modules after import of package 'simulations', but prior to execution of 'simulations.monte_carlo'; this may result in unpredictable behaviour
<frozen runpy>:128: RuntimeWarning: 'simulations.monte_carlo' found in sys.modules after import of package 'simulations', but prior to execution of 'simulations.monte_carlo'; this may result in unpredictable behaviour
<frozen runpy>:128: RuntimeWarning: 'simulations.monte_carlo' found in sys.modules after import of package 'simulations', but prior to execution of 'simulations.monte_carlo'; this may result in unpredictable behaviour
<frozen runpy>:128: RuntimeWarning: 'simulations.monte_carlo' found in sys.modules after import of package 'simulations', but prior to execution of 'simulations.monte_carlo'; this may result in unpredictable behaviour
<frozen runpy>:128: RuntimeWarning: 'simulations.monte_carlo' found in sys.modules after import of package 'simulations', but prior to execution of 'simulations.monte_carlo'; this may result in unpredictable behaviour
<frozen runpy>:128: RuntimeWarning: 'simulations.monte_carlo' found in sys.modules after import of package 'simulations', but prior to execution of 'simulations.monte_carlo'; this may result in unpredictable behaviour
Process 1/100 completed in  21.93 min. Total elapsed time:  58.11 min.
Process 2/100 completed in  22.44 min. Total elapsed time:  58.61 min.
Process 3/100 completed in  22.48 min. Total elapsed time:  58.66 min.
Process 4/100 completed in  22.89 min. Total elapsed time:  59.06 min.
Process 5/100 completed in  23.08 min. Total elapsed time:  59.23 min.
Process 6/100 completed in  23.09 min. Total elapsed time:  59.26 min.
Process 7/100 completed in  23.16 min. Total elapsed time:  59.34 min.
Process 8/100 completed in  23.87 min. Total elapsed time:  60.07 min.
Process 9/100 completed in  25.58 min. Total elapsed time:  61.87 min.
Process 10/100 completed in  25.78 min. Total elapsed time:  61.95 min.
Process 11/100 completed in  25.90 min. Total elapsed time:  62.07 min.
Process 12/100 completed in  25.94 min. Total elapsed time:  62.11 min.
Process 13/100 completed in  25.99 min. Total elapsed time:  62.16 min.
Process 14/100 completed in  26.03 min. Total elapsed time:  62.20 min.
Process 15/100 completed in  26.06 min. Total elapsed time:  62.24 min.
Process 16/100 completed in  26.07 min. Total elapsed time:  62.25 min.
Process 17/100 completed in  26.08 min. Total elapsed time:  62.26 min.
Process 18/100 completed in  26.11 min. Total elapsed time:  62.29 min.
Process 19/100 completed in  26.15 min. Total elapsed time:  62.32 min.
Process 20/100 completed in  26.17 min. Total elapsed time:  62.34 min.
Process 21/100 completed in  26.23 min. Total elapsed time:  62.41 min.
Process 22/100 completed in  26.25 min. Total elapsed time:  62.42 min.
Process 23/100 completed in  26.89 min. Total elapsed time:  63.11 min.
Process 24/100 completed in  27.23 min. Total elapsed time:  63.41 min.
Process 25/100 completed in  27.58 min. Total elapsed time:  63.77 min.
Process 26/100 completed in  27.67 min. Total elapsed time:  63.85 min.
Process 27/100 completed in  27.73 min. Total elapsed time:  63.91 min.
Process 28/100 completed in  27.77 min. Total elapsed time:  63.94 min.
Process 29/100 completed in  27.84 min. Total elapsed time:  64.01 min.
Process 30/100 completed in  27.87 min. Total elapsed time:  64.06 min.
Process 31/100 completed in  27.89 min. Total elapsed time:  64.07 min.
Process 32/100 completed in  27.93 min. Total elapsed time:  64.10 min.
Process 33/100 completed in  28.80 min. Total elapsed time:  64.98 min.
Process 34/100 completed in  29.03 min. Total elapsed time:  65.20 min.
Process 35/100 completed in  29.08 min. Total elapsed time:  65.25 min.
Process 36/100 completed in  29.08 min. Total elapsed time:  65.26 min.
Process 37/100 completed in  29.15 min. Total elapsed time:  65.32 min.
<frozen runpy>:128: RuntimeWarning: 'simulations.monte_carlo' found in sys.modules after import of package 'simulations', but prior to execution of 'simulations.monte_carlo'; this may result in unpredictable behaviour
<frozen runpy>:128: RuntimeWarning: 'simulations.monte_carlo' found in sys.modules after import of package 'simulations', but prior to execution of 'simulations.monte_carlo'; this may result in unpredictable behaviour
Process 38/100 completed in  29.19 min. Total elapsed time:  65.37 min.
Process 39/100 completed in  29.21 min. Total elapsed time:  65.39 min.
Process 40/100 completed in  29.29 min. Total elapsed time:  65.46 min.
Process 41/100 completed in  29.30 min. Total elapsed time:  65.47 min.
Process 42/100 completed in  29.35 min. Total elapsed time:  65.53 min.
Process 43/100 completed in  30.12 min. Total elapsed time:  66.30 min.
Process 44/100 completed in  30.12 min. Total elapsed time:  66.30 min.
Process 45/100 completed in  30.13 min. Total elapsed time:  66.31 min.
Process 46/100 completed in  30.15 min. Total elapsed time:  66.32 min.
<frozen runpy>:128: RuntimeWarning: 'simulations.monte_carlo' found in sys.modules after import of package 'simulations', but prior to execution of 'simulations.monte_carlo'; this may result in unpredictable behaviour
<frozen runpy>:128: RuntimeWarning: 'simulations.monte_carlo' found in sys.modules after import of package 'simulations', but prior to execution of 'simulations.monte_carlo'; this may result in unpredictable behaviour
Process 47/100 completed in  30.33 min. Total elapsed time:  66.50 min.
Process 48/100 completed in  30.42 min. Total elapsed time:  66.59 min.
Process 49/100 completed in  30.49 min. Total elapsed time:  66.66 min.
Process 50/100 completed in  30.69 min. Total elapsed time:  66.86 min.
Process 51/100 completed in  30.75 min. Total elapsed time:  66.93 min.
Process 52/100 completed in  31.06 min. Total elapsed time:  67.24 min.
Process 53/100 completed in  31.26 min. Total elapsed time:  67.43 min.
Process 54/100 completed in  31.53 min. Total elapsed time:  67.70 min.
Process 55/100 completed in  33.24 min. Total elapsed time:  69.42 min.
<frozen runpy>:128: RuntimeWarning: 'simulations.monte_carlo' found in sys.modules after import of package 'simulations', but prior to execution of 'simulations.monte_carlo'; this may result in unpredictable behaviour
<frozen runpy>:128: RuntimeWarning: 'simulations.monte_carlo' found in sys.modules after import of package 'simulations', but prior to execution of 'simulations.monte_carlo'; this may result in unpredictable behaviour
<frozen runpy>:128: RuntimeWarning: 'simulations.monte_carlo' found in sys.modules after import of package 'simulations', but prior to execution of 'simulations.monte_carlo'; this may result in unpredictable behaviour
<frozen runpy>:128: RuntimeWarning: 'simulations.monte_carlo' found in sys.modules after import of package 'simulations', but prior to execution of 'simulations.monte_carlo'; this may result in unpredictable behaviour
<frozen runpy>:128: RuntimeWarning: 'simulations.monte_carlo' found in sys.modules after import of package 'simulations', but prior to execution of 'simulations.monte_carlo'; this may result in unpredictable behaviour
<frozen runpy>:128: RuntimeWarning: 'simulations.monte_carlo' found in sys.modules after import of package 'simulations', but prior to execution of 'simulations.monte_carlo'; this may result in unpredictable behaviour
<frozen runpy>:128: RuntimeWarning: 'simulations.monte_carlo' found in sys.modules after import of package 'simulations', but prior to execution of 'simulations.monte_carlo'; this may result in unpredictable behaviour
<frozen runpy>:128: RuntimeWarning: 'simulations.monte_carlo' found in sys.modules after import of package 'simulations', but prior to execution of 'simulations.monte_carlo'; this may result in unpredictable behaviour
<frozen runpy>:128: RuntimeWarning: 'simulations.monte_carlo' found in sys.modules after import of package 'simulations', but prior to execution of 'simulations.monte_carlo'; this may result in unpredictable behaviour
<frozen runpy>:128: RuntimeWarning: 'simulations.monte_carlo' found in sys.modules after import of package 'simulations', but prior to execution of 'simulations.monte_carlo'; this may result in unpredictable behaviour
<frozen runpy>:128: RuntimeWarning: 'simulations.monte_carlo' found in sys.modules after import of package 'simulations', but prior to execution of 'simulations.monte_carlo'; this may result in unpredictable behaviour
<frozen runpy>:128: RuntimeWarning: 'simulations.monte_carlo' found in sys.modules after import of package 'simulations', but prior to execution of 'simulations.monte_carlo'; this may result in unpredictable behaviour
Process 56/100 completed in  24.49 min. Total elapsed time:  86.82 min.
Process 57/100 completed in  23.12 min. Total elapsed time:  86.97 min.
Process 58/100 completed in  21.71 min. Total elapsed time:  86.97 min.
Process 59/100 completed in  27.75 min. Total elapsed time:  87.01 min.
Process 60/100 completed in  23.27 min. Total elapsed time:  87.05 min.
Process 61/100 completed in  21.81 min. Total elapsed time:  87.13 min.
Process 62/100 completed in  21.82 min. Total elapsed time:  87.19 min.
Process 63/100 completed in  24.92 min. T